[debug] [2026-02-01T04:07:48.131Z] ----------------------------------------------------------------------
[debug] [2026-02-01T04:07:48.133Z] Command:       C:\Program Files\nodejs\node.exe C:\Users\lev52\AppData\Local\npm-cache\_npx\7750544ccf494d8b\node_modules\firebase-tools\lib\bin\firebase.js deploy --only firestore:indexes
[debug] [2026-02-01T04:07:48.133Z] CLI Version:   15.5.1
[debug] [2026-02-01T04:07:48.133Z] Platform:      win32
[debug] [2026-02-01T04:07:48.133Z] Node Version:  v22.19.0
[debug] [2026-02-01T04:07:48.134Z] Time:          Sat Jan 31 2026 22:07:48 GMT-0600 (Central Standard Time)
[debug] [2026-02-01T04:07:48.134Z] ----------------------------------------------------------------------
[debug] 
[debug] [2026-02-01T04:07:49.887Z] > command requires scopes: ["email","openid","https://www.googleapis.com/auth/cloudplatformprojects.readonly","https://www.googleapis.com/auth/firebase","https://www.googleapis.com/auth/cloud-platform"]
[debug] [2026-02-01T04:07:49.889Z] > authorizing via signed-in user (nguy4832@umn.edu)
[debug] [2026-02-01T04:07:49.889Z] [iam] checking project ace-website-44d2a for permissions ["datastore.indexes.create","datastore.indexes.delete","datastore.indexes.list","datastore.indexes.update","firebase.projects.get"]
[debug] [2026-02-01T04:07:49.890Z] Checked if tokens are valid: false, expires at: 1769918234719
[debug] [2026-02-01T04:07:49.890Z] Checked if tokens are valid: false, expires at: 1769918234719
[debug] [2026-02-01T04:07:49.891Z] > refreshing access token with scopes: []
[debug] [2026-02-01T04:07:49.892Z] >>> [apiv2][query] POST https://www.googleapis.com/oauth2/v3/token [none]
[debug] [2026-02-01T04:07:49.893Z] >>> [apiv2][body] POST https://www.googleapis.com/oauth2/v3/token [omitted]
[debug] [2026-02-01T04:07:50.061Z] <<< [apiv2][status] POST https://www.googleapis.com/oauth2/v3/token 200
[debug] [2026-02-01T04:07:50.061Z] <<< [apiv2][body] POST https://www.googleapis.com/oauth2/v3/token [omitted]
[debug] [2026-02-01T04:07:50.068Z] >>> [apiv2][query] POST https://cloudresourcemanager.googleapis.com/v1/projects/ace-website-44d2a:testIamPermissions [none]
[debug] [2026-02-01T04:07:50.069Z] >>> [apiv2][(partial)header] POST https://cloudresourcemanager.googleapis.com/v1/projects/ace-website-44d2a:testIamPermissions  x-goog-user-project=ace-website-44d2a
[debug] [2026-02-01T04:07:50.072Z] >>> [apiv2][body] POST https://cloudresourcemanager.googleapis.com/v1/projects/ace-website-44d2a:testIamPermissions {"permissions":["datastore.indexes.create","datastore.indexes.delete","datastore.indexes.list","datastore.indexes.update","firebase.projects.get"]}
[debug] [2026-02-01T04:07:50.229Z] <<< [apiv2][status] POST https://cloudresourcemanager.googleapis.com/v1/projects/ace-website-44d2a:testIamPermissions 200
[debug] [2026-02-01T04:07:50.229Z] <<< [apiv2][body] POST https://cloudresourcemanager.googleapis.com/v1/projects/ace-website-44d2a:testIamPermissions {"permissions":["datastore.indexes.create","datastore.indexes.delete","datastore.indexes.list","datastore.indexes.update","firebase.projects.get"]}
[info] 
[info] === Deploying to 'ace-website-44d2a'...
[info] 
[info] i  deploying firestore 
[info] i  firestore: ensuring required API firestore.googleapis.com is enabled... 
[info] i  firestore: ensuring required API firestore.googleapis.com is enabled... 
[debug] [2026-02-01T04:07:50.234Z] Checked if tokens are valid: true, expires at: 1769922469062
[debug] [2026-02-01T04:07:50.235Z] Checked if tokens are valid: true, expires at: 1769922469062
[debug] [2026-02-01T04:07:50.235Z] >>> [apiv2][query] GET https://firestore.googleapis.com/v1/projects/ace-website-44d2a/databases/(default) [none]
[debug] [2026-02-01T04:07:50.470Z] <<< [apiv2][status] GET https://firestore.googleapis.com/v1/projects/ace-website-44d2a/databases/(default) 200
[debug] [2026-02-01T04:07:50.471Z] <<< [apiv2][body] GET https://firestore.googleapis.com/v1/projects/ace-website-44d2a/databases/(default) {"name":"projects/ace-website-44d2a/databases/(default)","uid":"2360fb95-48aa-4c28-9bd1-364a714256c3","createTime":"2026-02-01T00:50:26.425765Z","updateTime":"2026-02-01T00:50:26.425765Z","locationId":"nam5","type":"FIRESTORE_NATIVE","concurrencyMode":"PESSIMISTIC","versionRetentionPeriod":"3600s","earliestVersionTime":"2026-02-01T03:07:50.375755Z","appEngineIntegrationMode":"DISABLED","keyPrefix":"s","pointInTimeRecoveryEnablement":"POINT_IN_TIME_RECOVERY_DISABLED","deleteProtectionState":"DELETE_PROTECTION_DISABLED","databaseEdition":"STANDARD","freeTier":true,"realtimeUpdatesMode":"REALTIME_UPDATES_MODE_ENABLED","etag":"IOOWs8y1t5IDMICQucuJt5ID"}
[info] i  firestore: reading indexes from firestore.indexes.json... 
[info] i  cloud.firestore: checking firestore.rules for compilation errors... 
[debug] [2026-02-01T04:07:50.473Z] Checked if tokens are valid: true, expires at: 1769922469062
[debug] [2026-02-01T04:07:50.473Z] Checked if tokens are valid: true, expires at: 1769922469062
[debug] [2026-02-01T04:07:50.474Z] >>> [apiv2][query] POST https://firebaserules.googleapis.com/v1/projects/ace-website-44d2a:test [none]
[debug] [2026-02-01T04:07:50.474Z] >>> [apiv2][body] POST https://firebaserules.googleapis.com/v1/projects/ace-website-44d2a:test [omitted]
[debug] [2026-02-01T04:07:50.644Z] <<< [apiv2][status] POST https://firebaserules.googleapis.com/v1/projects/ace-website-44d2a:test 200
[debug] [2026-02-01T04:07:50.644Z] <<< [apiv2][body] POST https://firebaserules.googleapis.com/v1/projects/ace-website-44d2a:test {}
[info] +  cloud.firestore: rules file firestore.rules compiled successfully 
[info] i  firestore: deploying indexes... 
[debug] [2026-02-01T04:07:50.647Z] Checked if tokens are valid: true, expires at: 1769922469062
[debug] [2026-02-01T04:07:50.647Z] Checked if tokens are valid: true, expires at: 1769922469062
[debug] [2026-02-01T04:07:50.647Z] >>> [apiv2][query] GET https://firestore.googleapis.com/v1/projects/ace-website-44d2a/databases/(default)/collectionGroups/-/indexes [none]
[debug] [2026-02-01T04:07:50.744Z] <<< [apiv2][status] GET https://firestore.googleapis.com/v1/projects/ace-website-44d2a/databases/(default)/collectionGroups/-/indexes 200
[debug] [2026-02-01T04:07:50.745Z] <<< [apiv2][body] GET https://firestore.googleapis.com/v1/projects/ace-website-44d2a/databases/(default)/collectionGroups/-/indexes {"indexes":[{"name":"projects/ace-website-44d2a/databases/(default)/collectionGroups/bonusActivities/indexes/CICAgJim14AK","queryScope":"COLLECTION","fields":[{"fieldPath":"isActive","order":"ASCENDING"},{"fieldPath":"createdAt","order":"DESCENDING"},{"fieldPath":"__name__","order":"DESCENDING"}],"state":"READY","density":"SPARSE_ALL"},{"name":"projects/ace-website-44d2a/databases/(default)/collectionGroups/submissions/indexes/CICAgOjXh4EK","queryScope":"COLLECTION","fields":[{"fieldPath":"submitterId","order":"ASCENDING"},{"fieldPath":"createdAt","order":"DESCENDING"},{"fieldPath":"__name__","order":"DESCENDING"}],"state":"READY","density":"SPARSE_ALL"},{"name":"projects/ace-website-44d2a/databases/(default)/collectionGroups/families/indexes/CICAgJj7z4EK","queryScope":"COLLECTION","fields":[{"fieldPath":"isArchived","order":"ASCENDING"},{"fieldPath":"createdAt","order":"DESCENDING"},{"fieldPath":"__name__","order":"DESCENDING"}],"state":"READY","density":"SPARSE_ALL"},{"name":"projects/ace-website-44d2a/databases/(default)/collectionGroups/submissions/indexes/CICAgJjF9oIK","queryScope":"COLLECTION","fields":[{"fieldPath":"status","order":"ASCENDING"},{"fieldPath":"createdAt","order":"DESCENDING"},{"fieldPath":"__name__","order":"DESCENDING"}],"state":"READY","density":"SPARSE_ALL"},{"name":"projects/ace-website-44d2a/databases/(default)/collectionGroups/announcements/indexes/CICAgJiUpoMK","queryScope":"COLLECTION","fields":[{"fieldPath":"isPublished","order":"ASCENDING"},{"fieldPath":"createdAt","order":"DESCENDING"},{"fieldPath":"__name__","order":"DESCENDING"}],"state":"READY","density":"SPARSE_ALL"}]}
[debug] [2026-02-01T04:07:50.745Z] Checked if tokens are valid: true, expires at: 1769922469062
[debug] [2026-02-01T04:07:50.746Z] Checked if tokens are valid: true, expires at: 1769922469062
[debug] [2026-02-01T04:07:50.746Z] >>> [apiv2][query] GET https://firestore.googleapis.com/v1/projects/ace-website-44d2a/databases/(default)/collectionGroups/-/fields?filter=indexConfig.usesAncestorConfig=false OR ttlConfig:* [none]
[debug] [2026-02-01T04:07:50.808Z] <<< [apiv2][status] GET https://firestore.googleapis.com/v1/projects/ace-website-44d2a/databases/(default)/collectionGroups/-/fields?filter=indexConfig.usesAncestorConfig=false OR ttlConfig:* 200
[debug] [2026-02-01T04:07:50.809Z] <<< [apiv2][body] GET https://firestore.googleapis.com/v1/projects/ace-website-44d2a/databases/(default)/collectionGroups/-/fields?filter=indexConfig.usesAncestorConfig=false OR ttlConfig:* {"fields":[{"name":"projects/ace-website-44d2a/databases/(default)/collectionGroups/__default__/fields/*","indexConfig":{"indexes":[{"queryScope":"COLLECTION","fields":[{"fieldPath":"*","order":"ASCENDING"}],"state":"READY"},{"queryScope":"COLLECTION","fields":[{"fieldPath":"*","order":"DESCENDING"}],"state":"READY"},{"queryScope":"COLLECTION","fields":[{"fieldPath":"*","arrayConfig":"CONTAINS"}],"state":"READY"}]}}]}
[debug] [2026-02-01T04:07:50.809Z] Checked if tokens are valid: true, expires at: 1769922469062
[debug] [2026-02-01T04:07:50.809Z] Checked if tokens are valid: true, expires at: 1769922469062
[debug] [2026-02-01T04:07:50.810Z] >>> [apiv2][query] GET https://firestore.googleapis.com/v1/projects/ace-website-44d2a/databases/(default) [none]
[debug] [2026-02-01T04:07:50.875Z] <<< [apiv2][status] GET https://firestore.googleapis.com/v1/projects/ace-website-44d2a/databases/(default) 200
[debug] [2026-02-01T04:11:33.915Z] ----------------------------------------------------------------------
[debug] [2026-02-01T04:11:33.917Z] Command:       C:\Program Files\nodejs\node.exe C:\Users\lev52\AppData\Local\npm-cache\_npx\7750544ccf494d8b\node_modules\firebase-tools\lib\bin\firebase.js deploy --only firestore:indexes
[debug] [2026-02-01T04:11:33.918Z] CLI Version:   15.5.1
[debug] [2026-02-01T04:11:33.918Z] Platform:      win32
[debug] [2026-02-01T04:11:33.918Z] Node Version:  v22.19.0
[debug] [2026-02-01T04:11:33.918Z] Time:          Sat Jan 31 2026 22:11:33 GMT-0600 (Central Standard Time)
[debug] [2026-02-01T04:11:33.918Z] ----------------------------------------------------------------------
[debug] 
[debug] [2026-02-01T04:11:34.820Z] > command requires scopes: ["email","openid","https://www.googleapis.com/auth/cloudplatformprojects.readonly","https://www.googleapis.com/auth/firebase","https://www.googleapis.com/auth/cloud-platform"]
[debug] [2026-02-01T04:11:34.822Z] > authorizing via signed-in user (nguy4832@umn.edu)
[debug] [2026-02-01T04:11:34.822Z] [iam] checking project ace-website-44d2a for permissions ["datastore.indexes.create","datastore.indexes.delete","datastore.indexes.list","datastore.indexes.update","firebase.projects.get"]
[debug] [2026-02-01T04:11:34.823Z] Checked if tokens are valid: true, expires at: 1769922469062
[debug] [2026-02-01T04:11:34.823Z] Checked if tokens are valid: true, expires at: 1769922469062
[debug] [2026-02-01T04:11:34.824Z] >>> [apiv2][query] POST https://cloudresourcemanager.googleapis.com/v1/projects/ace-website-44d2a:testIamPermissions [none]
[debug] [2026-02-01T04:11:34.824Z] >>> [apiv2][(partial)header] POST https://cloudresourcemanager.googleapis.com/v1/projects/ace-website-44d2a:testIamPermissions  x-goog-user-project=ace-website-44d2a
[debug] [2026-02-01T04:11:34.824Z] >>> [apiv2][body] POST https://cloudresourcemanager.googleapis.com/v1/projects/ace-website-44d2a:testIamPermissions {"permissions":["datastore.indexes.create","datastore.indexes.delete","datastore.indexes.list","datastore.indexes.update","firebase.projects.get"]}
[debug] [2026-02-01T04:11:35.041Z] <<< [apiv2][status] POST https://cloudresourcemanager.googleapis.com/v1/projects/ace-website-44d2a:testIamPermissions 200
[debug] [2026-02-01T04:11:35.041Z] <<< [apiv2][body] POST https://cloudresourcemanager.googleapis.com/v1/projects/ace-website-44d2a:testIamPermissions {"permissions":["datastore.indexes.create","datastore.indexes.delete","datastore.indexes.list","datastore.indexes.update","firebase.projects.get"]}
[info] 
[info] === Deploying to 'ace-website-44d2a'...
[info] 
[info] i  deploying firestore 
[info] i  firestore: ensuring required API firestore.googleapis.com is enabled... 
[info] i  firestore: ensuring required API firestore.googleapis.com is enabled... 
[debug] [2026-02-01T04:11:35.044Z] Checked if tokens are valid: true, expires at: 1769922469062
[debug] [2026-02-01T04:11:35.044Z] Checked if tokens are valid: true, expires at: 1769922469062
[debug] [2026-02-01T04:11:35.045Z] >>> [apiv2][query] GET https://firestore.googleapis.com/v1/projects/ace-website-44d2a/databases/(default) [none]
[debug] [2026-02-01T04:11:35.176Z] <<< [apiv2][status] GET https://firestore.googleapis.com/v1/projects/ace-website-44d2a/databases/(default) 200
[debug] [2026-02-01T04:11:35.176Z] <<< [apiv2][body] GET https://firestore.googleapis.com/v1/projects/ace-website-44d2a/databases/(default) {"name":"projects/ace-website-44d2a/databases/(default)","uid":"2360fb95-48aa-4c28-9bd1-364a714256c3","createTime":"2026-02-01T00:50:26.425765Z","updateTime":"2026-02-01T00:50:26.425765Z","locationId":"nam5","type":"FIRESTORE_NATIVE","concurrencyMode":"PESSIMISTIC","versionRetentionPeriod":"3600s","earliestVersionTime":"2026-02-01T03:11:35.080692Z","appEngineIntegrationMode":"DISABLED","keyPrefix":"s","pointInTimeRecoveryEnablement":"POINT_IN_TIME_RECOVERY_DISABLED","deleteProtectionState":"DELETE_PROTECTION_DISABLED","databaseEdition":"STANDARD","freeTier":true,"realtimeUpdatesMode":"REALTIME_UPDATES_MODE_ENABLED","etag":"IK+Hxre2t5IDMICQucuJt5ID"}
[info] i  firestore: reading indexes from firestore.indexes.json... 
[info] i  cloud.firestore: checking firestore.rules for compilation errors... 
[debug] [2026-02-01T04:11:35.178Z] Checked if tokens are valid: true, expires at: 1769922469062
[debug] [2026-02-01T04:11:35.179Z] Checked if tokens are valid: true, expires at: 1769922469062
[debug] [2026-02-01T04:11:35.179Z] >>> [apiv2][query] POST https://firebaserules.googleapis.com/v1/projects/ace-website-44d2a:test [none]
[debug] [2026-02-01T04:11:35.179Z] >>> [apiv2][body] POST https://firebaserules.googleapis.com/v1/projects/ace-website-44d2a:test [omitted]
[debug] [2026-02-01T04:11:35.296Z] <<< [apiv2][status] POST https://firebaserules.googleapis.com/v1/projects/ace-website-44d2a:test 200
[debug] [2026-02-01T04:11:35.297Z] <<< [apiv2][body] POST https://firebaserules.googleapis.com/v1/projects/ace-website-44d2a:test {}
[info] +  cloud.firestore: rules file firestore.rules compiled successfully 
[info] i  firestore: deploying indexes... 
[debug] [2026-02-01T04:11:35.299Z] Checked if tokens are valid: true, expires at: 1769922469062
[debug] [2026-02-01T04:11:35.299Z] Checked if tokens are valid: true, expires at: 1769922469062
[debug] [2026-02-01T04:11:35.299Z] >>> [apiv2][query] GET https://firestore.googleapis.com/v1/projects/ace-website-44d2a/databases/(default)/collectionGroups/-/indexes [none]
[debug] [2026-02-01T04:11:35.381Z] <<< [apiv2][status] GET https://firestore.googleapis.com/v1/projects/ace-website-44d2a/databases/(default)/collectionGroups/-/indexes 200
[debug] [2026-02-01T04:11:35.382Z] <<< [apiv2][body] GET https://firestore.googleapis.com/v1/projects/ace-website-44d2a/databases/(default)/collectionGroups/-/indexes {"indexes":[{"name":"projects/ace-website-44d2a/databases/(default)/collectionGroups/bonusActivities/indexes/CICAgJim14AK","queryScope":"COLLECTION","fields":[{"fieldPath":"isActive","order":"ASCENDING"},{"fieldPath":"createdAt","order":"DESCENDING"},{"fieldPath":"__name__","order":"DESCENDING"}],"state":"READY","density":"SPARSE_ALL"},{"name":"projects/ace-website-44d2a/databases/(default)/collectionGroups/submissions/indexes/CICAgOjXh4EK","queryScope":"COLLECTION","fields":[{"fieldPath":"submitterId","order":"ASCENDING"},{"fieldPath":"createdAt","order":"DESCENDING"},{"fieldPath":"__name__","order":"DESCENDING"}],"state":"READY","density":"SPARSE_ALL"},{"name":"projects/ace-website-44d2a/databases/(default)/collectionGroups/families/indexes/CICAgJj7z4EK","queryScope":"COLLECTION","fields":[{"fieldPath":"isArchived","order":"ASCENDING"},{"fieldPath":"createdAt","order":"DESCENDING"},{"fieldPath":"__name__","order":"DESCENDING"}],"state":"READY","density":"SPARSE_ALL"},{"name":"projects/ace-website-44d2a/databases/(default)/collectionGroups/submissions/indexes/CICAgJjF9oIK","queryScope":"COLLECTION","fields":[{"fieldPath":"status","order":"ASCENDING"},{"fieldPath":"createdAt","order":"DESCENDING"},{"fieldPath":"__name__","order":"DESCENDING"}],"state":"READY","density":"SPARSE_ALL"},{"name":"projects/ace-website-44d2a/databases/(default)/collectionGroups/announcements/indexes/CICAgJiUpoMK","queryScope":"COLLECTION","fields":[{"fieldPath":"isPublished","order":"ASCENDING"},{"fieldPath":"createdAt","order":"DESCENDING"},{"fieldPath":"__name__","order":"DESCENDING"}],"state":"READY","density":"SPARSE_ALL"},{"name":"projects/ace-website-44d2a/databases/(default)/collectionGroups/auditLogs/indexes/CICAgNi47oMK","queryScope":"COLLECTION","fields":[{"fieldPath":"targetType","order":"ASCENDING"},{"fieldPath":"timestamp","order":"DESCENDING"},{"fieldPath":"__name__","order":"DESCENDING"}],"state":"CREATING","density":"SPARSE_ALL"}]}
[debug] [2026-02-01T04:11:35.383Z] Checked if tokens are valid: true, expires at: 1769922469062
[debug] [2026-02-01T04:11:35.383Z] Checked if tokens are valid: true, expires at: 1769922469062
[debug] [2026-02-01T04:11:35.384Z] >>> [apiv2][query] GET https://firestore.googleapis.com/v1/projects/ace-website-44d2a/databases/(default)/collectionGroups/-/fields?filter=indexConfig.usesAncestorConfig=false OR ttlConfig:* [none]
[debug] [2026-02-01T04:11:35.447Z] <<< [apiv2][status] GET https://firestore.googleapis.com/v1/projects/ace-website-44d2a/databases/(default)/collectionGroups/-/fields?filter=indexConfig.usesAncestorConfig=false OR ttlConfig:* 200
[debug] [2026-02-01T04:11:35.447Z] <<< [apiv2][body] GET https://firestore.googleapis.com/v1/projects/ace-website-44d2a/databases/(default)/collectionGroups/-/fields?filter=indexConfig.usesAncestorConfig=false OR ttlConfig:* {"fields":[{"name":"projects/ace-website-44d2a/databases/(default)/collectionGroups/__default__/fields/*","indexConfig":{"indexes":[{"queryScope":"COLLECTION","fields":[{"fieldPath":"*","order":"ASCENDING"}],"state":"READY"},{"queryScope":"COLLECTION","fields":[{"fieldPath":"*","order":"DESCENDING"}],"state":"READY"},{"queryScope":"COLLECTION","fields":[{"fieldPath":"*","arrayConfig":"CONTAINS"}],"state":"READY"}]}}]}
[debug] [2026-02-01T04:11:35.448Z] Checked if tokens are valid: true, expires at: 1769922469062
[debug] [2026-02-01T04:11:35.448Z] Checked if tokens are valid: true, expires at: 1769922469062
[debug] [2026-02-01T04:11:35.448Z] >>> [apiv2][query] GET https://firestore.googleapis.com/v1/projects/ace-website-44d2a/databases/(default) [none]
[debug] [2026-02-01T04:11:35.506Z] <<< [apiv2][status] GET https://firestore.googleapis.com/v1/projects/ace-website-44d2a/databases/(default) 200
